3/29/2024 6:11:44 PM
GlazeWM.Infrastructure.Exceptions.FatalUserException: Failed to parse user config. (Line: 290, Col: 16, Idx: 8556) - (Line: 290, Col: 17, Idx: 8557): While scanning a quoted scalar, found unexpected end of stream.
   at GlazeWM.Domain.UserConfigs.CommandHandlers.EvaluateUserConfigHandler.DeserializeUserConfig(String userConfigPath) in D:\a\glazewm\glazewm\GlazeWM.Domain\UserConfigs\CommandHandlers\EvaluateUserConfigHandler.cs:line 109
   at GlazeWM.Domain.UserConfigs.CommandHandlers.EvaluateUserConfigHandler.Handle(EvaluateUserConfigCommand command) in D:\a\glazewm\glazewm\GlazeWM.Domain\UserConfigs\CommandHandlers\EvaluateUserConfigHandler.cs:line 49
   at GlazeWM.Infrastructure.Bussing.Bus.Invoke[T](T command) in D:\a\glazewm\glazewm\GlazeWM.Infrastructure\Bussing\Bus.cs:line 48
   at GlazeWM.Domain.UserConfigs.CommandHandlers.ReloadUserConfigHandler.Handle(ReloadUserConfigCommand command) in D:\a\glazewm\glazewm\GlazeWM.Domain\UserConfigs\CommandHandlers\ReloadUserConfigHandler.cs:line 35
   at GlazeWM.Infrastructure.Bussing.Bus.Invoke[T](T command) in D:\a\glazewm\glazewm\GlazeWM.Infrastructure\Bussing\Bus.cs:line 48
   at CallSite.Target(Closure, CallSite, Bus, Object)
   at System.Dynamic.UpdateDelegates.UpdateAndExecuteVoid2[T0,T1](CallSite site, T0 arg0, T1 arg1)
   at GlazeWM.Domain.UserConfigs.CommandHandlers.RunWithSubjectContainerHandler.Handle(RunWithSubjectContainerCommand command) in D:\a\glazewm\glazewm\GlazeWM.Domain\UserConfigs\CommandHandlers\RunWithSubjectContainerHandler.cs:line 28
   at GlazeWM.Infrastructure.Bussing.Bus.Invoke[T](T command) in D:\a\glazewm\glazewm\GlazeWM.Infrastructure\Bussing\Bus.cs:line 48
   at GlazeWM.Domain.UserConfigs.CommandHandlers.RegisterKeybindingsHandler.<>c__DisplayClass4_0.<Handle>b__1() in D:\a\glazewm\glazewm\GlazeWM.Domain\UserConfigs\CommandHandlers\RegisterKeybindingsHandler.cs:line 63
Command history: HandleFatalExceptionCommand, EvaluateUserConfigCommand, ReloadUserConfigCommand, RunWithSubjectContainerCommand, SetActiveWindowBorderCommand, SyncNativeFocusCommand, RedrawContainersCommand, SetFocusedDescendantCommand, FocusInDirectionCommand, RunWithSubjectContainerCommand, SyncNativeFocusCommand, RedrawContainersCommand, FocusInDirectionCommand, RunWithSubjectContainerCommand, SetActiveWindowBorderCommand 
State dump: {"id":"ba0d1d78-5a08-42ab-a294-23febf6d0758","x":0,"y":0,"width":0,"height":0,"type":"root","focus_index":0,"children":[{"device_name":"\\\\.\\DISPLAY1","id":"918ba70f-5872-4d50-8a86-cf1c0c7ff13f","x":1920,"y":0,"width":1920,"height":1200,"type":"monitor","focus_index":1,"children":[{"tiling_direction":"horizontal","size_percentage":1,"name":"11","id":"bedd4945-558d-40ab-b128-4dbf10cd9734","x":1920,"y":0,"width":1920,"height":1170,"type":"workspace","focus_index":1,"children":[{"floating_placement":{"left":2395,"top":314,"right":3365,"bottom":857,"x":2395,"y":314,"width":970,"height":543},"border_delta":{"left":7,"top":0,"right":7,"bottom":7},"handle":1772328,"size_percentage":1,"id":"8abf81cc-f60c-4d09-9d2a-c739ceffe2e8","x":1920,"y":0,"width":1920,"height":1170,"type":"window","focus_index":0,"children":[]}]},{"tiling_direction":"horizontal","size_percentage":0,"name":"5","id":"f9837428-c35c-4c89-be30-6e6b5b1da97a","x":1920,"y":0,"width":1920,"height":1170,"type":"workspace","focus_index":0,"children":[{"floating_placement":{"left":1912,"top":56,"right":3848,"bottom":1114,"x":1912,"y":56,"width":1936,"height":1058},"border_delta":{"left":7,"top":0,"right":7,"bottom":7},"handle":2624244,"size_percentage":1,"id":"3dd628a5-533a-476e-ab06-27cb44b718a8","x":1920,"y":0,"width":1920,"height":1170,"type":"window","focus_index":0,"children":[]}]}]},{"device_name":"\\\\.\\DISPLAY2","id":"945288a5-f7a7-43bb-b22d-4472c6ac6731","x":0,"y":0,"width":1920,"height":1080,"type":"monitor","focus_index":0,"children":[{"tiling_direction":"horizontal","size_percentage":1,"name":"1","id":"6045050d-811b-42e9-888e-2bf9488dfb21","x":0,"y":0,"width":1920,"height":1050,"type":"workspace","focus_index":0,"children":[{"floating_placement":{"left":475,"top":-3,"right":1446,"bottom":1054,"x":475,"y":-3,"width":971,"height":1057},"border_delta":{"left":7,"top":0,"right":7,"bottom":7},"handle":723682,"size_percentage":0.5,"id":"a9b6d14d-a6da-49d4-b266-951b2683e080","x":0,"y":0,"width":957,"height":1050,"type":"window","focus_index":1,"children":[]},{"floating_placement":{"left":482,"top":0,"right":1439,"bottom":1050,"x":482,"y":0,"width":957,"height":1050},"border_delta":{"left":0,"top":0,"right":0,"bottom":0},"handle":264700,"size_percentage":0.5,"id":"d99a30e6-b606-4959-95a7-e462674c2df1","x":962,"y":0,"width":957,"height":1050,"type":"window","focus_index":0,"children":[]}]},{"tiling_direction":"horizontal","size_percentage":0,"name":"2","id":"c197c1b3-98ee-4201-89cc-5712a13b0980","x":0,"y":0,"width":1920,"height":1050,"type":"workspace","focus_index":1,"children":[{"floating_placement":{"left":-7,"top":-3,"right":1927,"bottom":1054,"x":-7,"y":-3,"width":1934,"height":1057},"border_delta":{"left":7,"top":0,"right":7,"bottom":7},"handle":461428,"size_percentage":1,"id":"41f1ee10-e0bf-4bc9-838f-ac6cc46b5f2e","x":0,"y":0,"width":1920,"height":1050,"type":"window","focus_index":0,"children":[]}]}]}]}

3/29/2024 6:12:04 PM
GlazeWM.Infrastructure.Exceptions.FatalUserException: Failed to parse user config. Invalid value at property: '$.keybindings[38].commands'.
   at GlazeWM.Domain.UserConfigs.CommandHandlers.EvaluateUserConfigHandler.DeserializeUserConfig(String userConfigPath) in D:\a\glazewm\glazewm\GlazeWM.Domain\UserConfigs\CommandHandlers\EvaluateUserConfigHandler.cs:line 109
   at GlazeWM.Domain.UserConfigs.CommandHandlers.EvaluateUserConfigHandler.Handle(EvaluateUserConfigCommand command) in D:\a\glazewm\glazewm\GlazeWM.Domain\UserConfigs\CommandHandlers\EvaluateUserConfigHandler.cs:line 49
   at GlazeWM.Infrastructure.Bussing.Bus.Invoke[T](T command) in D:\a\glazewm\glazewm\GlazeWM.Infrastructure\Bussing\Bus.cs:line 41
   at GlazeWM.Domain.Common.CommandHandlers.PopulateInitialStateHandler.Handle(PopulateInitialStateCommand command) in D:\a\glazewm\glazewm\GlazeWM.Domain\Common\CommandHandlers\PopulateInitialStateHandler.cs:line 41
   at GlazeWM.Infrastructure.Bussing.Bus.Invoke[T](T command) in D:\a\glazewm\glazewm\GlazeWM.Infrastructure\Bussing\Bus.cs:line 41
   at GlazeWM.App.WindowManager.WmStartup.Run()
Command history: HandleFatalExceptionCommand, EvaluateUserConfigCommand, PopulateInitialStateCommand 
State dump: {"id":"6af3a8c7-8182-4b68-a7a9-c47dab335476","x":0,"y":0,"width":0,"height":0,"type":"root","focus_index":0,"children":[]}

3/29/2024 6:12:21 PM
GlazeWM.Infrastructure.Exceptions.FatalUserException: Failed to parse user config. Invalid value at property: '$.keybindings[38].commands'.
   at GlazeWM.Domain.UserConfigs.CommandHandlers.EvaluateUserConfigHandler.DeserializeUserConfig(String userConfigPath) in D:\a\glazewm\glazewm\GlazeWM.Domain\UserConfigs\CommandHandlers\EvaluateUserConfigHandler.cs:line 109
   at GlazeWM.Domain.UserConfigs.CommandHandlers.EvaluateUserConfigHandler.Handle(EvaluateUserConfigCommand command) in D:\a\glazewm\glazewm\GlazeWM.Domain\UserConfigs\CommandHandlers\EvaluateUserConfigHandler.cs:line 49
   at GlazeWM.Infrastructure.Bussing.Bus.Invoke[T](T command) in D:\a\glazewm\glazewm\GlazeWM.Infrastructure\Bussing\Bus.cs:line 41
   at GlazeWM.Domain.Common.CommandHandlers.PopulateInitialStateHandler.Handle(PopulateInitialStateCommand command) in D:\a\glazewm\glazewm\GlazeWM.Domain\Common\CommandHandlers\PopulateInitialStateHandler.cs:line 41
   at GlazeWM.Infrastructure.Bussing.Bus.Invoke[T](T command) in D:\a\glazewm\glazewm\GlazeWM.Infrastructure\Bussing\Bus.cs:line 41
   at GlazeWM.App.WindowManager.WmStartup.Run()
Command history: HandleFatalExceptionCommand, EvaluateUserConfigCommand, PopulateInitialStateCommand 
State dump: {"id":"5f03d44d-9810-41ff-a2d0-8e33876b2e0a","x":0,"y":0,"width":0,"height":0,"type":"root","focus_index":0,"children":[]}

3/29/2024 6:12:31 PM
GlazeWM.Infrastructure.Exceptions.FatalUserException: Failed to parse user config. Invalid value at property: '$.keybindings[38].commands'.
   at GlazeWM.Domain.UserConfigs.CommandHandlers.EvaluateUserConfigHandler.DeserializeUserConfig(String userConfigPath) in D:\a\glazewm\glazewm\GlazeWM.Domain\UserConfigs\CommandHandlers\EvaluateUserConfigHandler.cs:line 109
   at GlazeWM.Domain.UserConfigs.CommandHandlers.EvaluateUserConfigHandler.Handle(EvaluateUserConfigCommand command) in D:\a\glazewm\glazewm\GlazeWM.Domain\UserConfigs\CommandHandlers\EvaluateUserConfigHandler.cs:line 49
   at GlazeWM.Infrastructure.Bussing.Bus.Invoke[T](T command) in D:\a\glazewm\glazewm\GlazeWM.Infrastructure\Bussing\Bus.cs:line 41
   at GlazeWM.Domain.Common.CommandHandlers.PopulateInitialStateHandler.Handle(PopulateInitialStateCommand command) in D:\a\glazewm\glazewm\GlazeWM.Domain\Common\CommandHandlers\PopulateInitialStateHandler.cs:line 41
   at GlazeWM.Infrastructure.Bussing.Bus.Invoke[T](T command) in D:\a\glazewm\glazewm\GlazeWM.Infrastructure\Bussing\Bus.cs:line 41
   at GlazeWM.App.WindowManager.WmStartup.Run()
Command history: HandleFatalExceptionCommand, EvaluateUserConfigCommand, PopulateInitialStateCommand 
State dump: {"id":"666dd479-74a7-4764-92f2-965f5a773f60","x":0,"y":0,"width":0,"height":0,"type":"root","focus_index":0,"children":[]}

3/29/2024 6:13:45 PM
GlazeWM.Infrastructure.Exceptions.FatalUserException: Failed to parse user config. Invalid value at property: '$.keybindings[38].commands'.
   at GlazeWM.Domain.UserConfigs.CommandHandlers.EvaluateUserConfigHandler.DeserializeUserConfig(String userConfigPath) in D:\a\glazewm\glazewm\GlazeWM.Domain\UserConfigs\CommandHandlers\EvaluateUserConfigHandler.cs:line 109
   at GlazeWM.Domain.UserConfigs.CommandHandlers.EvaluateUserConfigHandler.Handle(EvaluateUserConfigCommand command) in D:\a\glazewm\glazewm\GlazeWM.Domain\UserConfigs\CommandHandlers\EvaluateUserConfigHandler.cs:line 49
   at GlazeWM.Infrastructure.Bussing.Bus.Invoke[T](T command) in D:\a\glazewm\glazewm\GlazeWM.Infrastructure\Bussing\Bus.cs:line 48
   at GlazeWM.Domain.UserConfigs.CommandHandlers.ReloadUserConfigHandler.Handle(ReloadUserConfigCommand command) in D:\a\glazewm\glazewm\GlazeWM.Domain\UserConfigs\CommandHandlers\ReloadUserConfigHandler.cs:line 35
   at GlazeWM.Infrastructure.Bussing.Bus.Invoke[T](T command) in D:\a\glazewm\glazewm\GlazeWM.Infrastructure\Bussing\Bus.cs:line 48
   at CallSite.Target(Closure, CallSite, Bus, Object)
   at System.Dynamic.UpdateDelegates.UpdateAndExecuteVoid2[T0,T1](CallSite site, T0 arg0, T1 arg1)
   at GlazeWM.Domain.UserConfigs.CommandHandlers.RunWithSubjectContainerHandler.Handle(RunWithSubjectContainerCommand command) in D:\a\glazewm\glazewm\GlazeWM.Domain\UserConfigs\CommandHandlers\RunWithSubjectContainerHandler.cs:line 53
   at GlazeWM.Infrastructure.Bussing.Bus.Invoke[T](T command) in D:\a\glazewm\glazewm\GlazeWM.Infrastructure\Bussing\Bus.cs:line 48
   at GlazeWM.Domain.UserConfigs.CommandHandlers.RegisterKeybindingsHandler.<>c__DisplayClass4_0.<Handle>b__1() in D:\a\glazewm\glazewm\GlazeWM.Domain\UserConfigs\CommandHandlers\RegisterKeybindingsHandler.cs:line 55
Command history: HandleFatalExceptionCommand, EvaluateUserConfigCommand, ReloadUserConfigCommand, RunWithSubjectContainerCommand, SetActiveWindowBorderCommand, SyncNativeFocusCommand, RedrawContainersCommand, SetFocusedDescendantCommand, FocusInDirectionCommand, RunWithSubjectContainerCommand, SetActiveWindowBorderCommand, SyncNativeFocusCommand, RedrawContainersCommand, SetFocusedDescendantCommand, FocusInDirectionCommand 
State dump: {"id":"a15486e5-dc5d-4f2c-b136-f1648793a183","x":0,"y":0,"width":0,"height":0,"type":"root","focus_index":0,"children":[{"device_name":"\\\\.\\DISPLAY1","id":"5ee8047e-dcc9-4484-9fad-05d85b55904a","x":1920,"y":0,"width":1920,"height":1200,"type":"monitor","focus_index":1,"children":[{"tiling_direction":"horizontal","size_percentage":1,"name":"11","id":"020b55aa-48e8-40eb-8eab-f1072f53ef86","x":1920,"y":0,"width":1920,"height":1170,"type":"workspace","focus_index":0,"children":[{"floating_placement":{"left":1913,"top":-3,"right":3847,"bottom":1174,"x":1913,"y":-3,"width":1934,"height":1177},"border_delta":{"left":7,"top":0,"right":7,"bottom":7},"handle":1772328,"size_percentage":0.5,"id":"e1663913-b9f9-4317-91e7-5fe6d2eb0070","x":1920,"y":0,"width":957,"height":1170,"type":"window","focus_index":0,"children":[]},{"floating_placement":{"left":1913,"top":-3,"right":3847,"bottom":1174,"x":1913,"y":-3,"width":1934,"height":1177},"border_delta":{"left":7,"top":0,"right":7,"bottom":7},"handle":2624244,"size_percentage":0.5,"id":"15b958d8-cb31-4551-af32-d1ca06721492","x":2882,"y":0,"width":957,"height":1170,"type":"window","focus_index":1,"children":[]}]}]},{"device_name":"\\\\.\\DISPLAY2","id":"0b84f3e1-f32e-4168-936f-f832fcb534aa","x":0,"y":0,"width":1920,"height":1080,"type":"monitor","focus_index":0,"children":[{"tiling_direction":"horizontal","size_percentage":1,"name":"1","id":"76b9420e-df5f-446f-8f46-914489253258","x":0,"y":0,"width":1920,"height":1050,"type":"workspace","focus_index":0,"children":[{"floating_placement":{"left":-7,"top":-3,"right":1927,"bottom":1054,"x":-7,"y":-3,"width":1934,"height":1057},"border_delta":{"left":7,"top":0,"right":7,"bottom":7},"handle":461428,"size_percentage":0.3333333333333333,"id":"75ac0fce-bf43-49bd-9e6e-23fafa0125de","x":0,"y":0,"width":636,"height":1050,"type":"window","focus_index":2,"children":[]},{"floating_placement":{"left":475,"top":-3,"right":1446,"bottom":1054,"x":475,"y":-3,"width":971,"height":1057},"border_delta":{"left":7,"top":0,"right":7,"bottom":7},"handle":723682,"size_percentage":0.33333333333333337,"id":"3e3fd14b-748f-4eef-950f-e2e8b41a1ea5","x":641,"y":0,"width":636,"height":1050,"type":"window","focus_index":1,"children":[]},{"floating_placement":{"left":482,"top":0,"right":1439,"bottom":1050,"x":482,"y":0,"width":957,"height":1050},"border_delta":{"left":0,"top":0,"right":0,"bottom":0},"handle":264700,"size_percentage":0.33333333333333337,"id":"918184ae-6f53-436b-becb-62b64a352408","x":1282,"y":0,"width":636,"height":1050,"type":"window","focus_index":0,"children":[]}]}]}]}

3/29/2024 6:13:59 PM
GlazeWM.Infrastructure.Exceptions.FatalUserException: Failed to parse user config. (Line: 290, Col: 16, Idx: 8576) - (Line: 290, Col: 17, Idx: 8577): While scanning a quoted scalar, found unexpected end of stream.
   at GlazeWM.Domain.UserConfigs.CommandHandlers.EvaluateUserConfigHandler.DeserializeUserConfig(String userConfigPath) in D:\a\glazewm\glazewm\GlazeWM.Domain\UserConfigs\CommandHandlers\EvaluateUserConfigHandler.cs:line 109
   at GlazeWM.Domain.UserConfigs.CommandHandlers.EvaluateUserConfigHandler.Handle(EvaluateUserConfigCommand command) in D:\a\glazewm\glazewm\GlazeWM.Domain\UserConfigs\CommandHandlers\EvaluateUserConfigHandler.cs:line 49
   at GlazeWM.Infrastructure.Bussing.Bus.Invoke[T](T command) in D:\a\glazewm\glazewm\GlazeWM.Infrastructure\Bussing\Bus.cs:line 41
   at GlazeWM.Domain.Common.CommandHandlers.PopulateInitialStateHandler.Handle(PopulateInitialStateCommand command) in D:\a\glazewm\glazewm\GlazeWM.Domain\Common\CommandHandlers\PopulateInitialStateHandler.cs:line 41
   at GlazeWM.Infrastructure.Bussing.Bus.Invoke[T](T command) in D:\a\glazewm\glazewm\GlazeWM.Infrastructure\Bussing\Bus.cs:line 41
   at GlazeWM.App.WindowManager.WmStartup.Run()
Command history: HandleFatalExceptionCommand, EvaluateUserConfigCommand, PopulateInitialStateCommand 
State dump: {"id":"3a8d8f6b-dfe9-4b64-b2e6-fe4e39220c51","x":0,"y":0,"width":0,"height":0,"type":"root","focus_index":0,"children":[]}

3/29/2024 6:14:15 PM
GlazeWM.Infrastructure.Exceptions.FatalUserException: Failed to parse user config. Invalid value at property: '$.keybindings[46].bindings'.
   at GlazeWM.Domain.UserConfigs.CommandHandlers.EvaluateUserConfigHandler.DeserializeUserConfig(String userConfigPath) in D:\a\glazewm\glazewm\GlazeWM.Domain\UserConfigs\CommandHandlers\EvaluateUserConfigHandler.cs:line 109
   at GlazeWM.Domain.UserConfigs.CommandHandlers.EvaluateUserConfigHandler.Handle(EvaluateUserConfigCommand command) in D:\a\glazewm\glazewm\GlazeWM.Domain\UserConfigs\CommandHandlers\EvaluateUserConfigHandler.cs:line 49
   at GlazeWM.Infrastructure.Bussing.Bus.Invoke[T](T command) in D:\a\glazewm\glazewm\GlazeWM.Infrastructure\Bussing\Bus.cs:line 48
   at GlazeWM.Domain.UserConfigs.CommandHandlers.ReloadUserConfigHandler.Handle(ReloadUserConfigCommand command) in D:\a\glazewm\glazewm\GlazeWM.Domain\UserConfigs\CommandHandlers\ReloadUserConfigHandler.cs:line 35
   at GlazeWM.Infrastructure.Bussing.Bus.Invoke[T](T command) in D:\a\glazewm\glazewm\GlazeWM.Infrastructure\Bussing\Bus.cs:line 48
   at CallSite.Target(Closure, CallSite, Bus, Object)
   at System.Dynamic.UpdateDelegates.UpdateAndExecuteVoid2[T0,T1](CallSite site, T0 arg0, T1 arg1)
   at GlazeWM.Domain.UserConfigs.CommandHandlers.RunWithSubjectContainerHandler.Handle(RunWithSubjectContainerCommand command) in D:\a\glazewm\glazewm\GlazeWM.Domain\UserConfigs\CommandHandlers\RunWithSubjectContainerHandler.cs:line 53
   at GlazeWM.Infrastructure.Bussing.Bus.Invoke[T](T command) in D:\a\glazewm\glazewm\GlazeWM.Infrastructure\Bussing\Bus.cs:line 48
   at GlazeWM.Domain.UserConfigs.CommandHandlers.RegisterKeybindingsHandler.<>c__DisplayClass4_0.<Handle>b__1() in D:\a\glazewm\glazewm\GlazeWM.Domain\UserConfigs\CommandHandlers\RegisterKeybindingsHandler.cs:line 55
Command history: HandleFatalExceptionCommand, EvaluateUserConfigCommand, ReloadUserConfigCommand, RunWithSubjectContainerCommand, SyncNativeFocusCommand, RedrawContainersCommand, DetachContainerCommand, IgnoreWindowCommand, RunWithSubjectContainerCommand, SetFocusedDescendantCommand, AttachContainerCommand, ManageWindowCommand, SyncNativeFocusCommand, RedrawContainersCommand, DetachContainerCommand 
State dump: {"id":"c8401a52-45c0-4c9e-8f85-9bac904dc70c","x":0,"y":0,"width":0,"height":0,"type":"root","focus_index":0,"children":[{"device_name":"\\\\.\\DISPLAY1","id":"6d35a4e5-4489-473d-93fa-534bbee6d9a0","x":1920,"y":0,"width":1920,"height":1200,"type":"monitor","focus_index":1,"children":[{"tiling_direction":"horizontal","size_percentage":1,"name":"11","id":"e8c4cb1c-4351-4025-848f-d97f4155308e","x":1920,"y":0,"width":1920,"height":1170,"type":"workspace","focus_index":0,"children":[{"floating_placement":{"left":2395,"top":-3,"right":3366,"bottom":1174,"x":2395,"y":-3,"width":971,"height":1177},"border_delta":{"left":7,"top":0,"right":7,"bottom":7},"handle":2624244,"size_percentage":0.5,"id":"6c0640ab-f4cd-46a1-a5d2-9a0822734210","x":1920,"y":0,"width":957,"height":1170,"type":"window","focus_index":0,"children":[]},{"floating_placement":{"left":2395,"top":-3,"right":3366,"bottom":1174,"x":2395,"y":-3,"width":971,"height":1177},"border_delta":{"left":7,"top":0,"right":7,"bottom":7},"handle":1772328,"size_percentage":0.5,"id":"87ff53b4-4b7b-41db-a8c4-4a0637b9a72a","x":2882,"y":0,"width":957,"height":1170,"type":"window","focus_index":1,"children":[]}]}]},{"device_name":"\\\\.\\DISPLAY2","id":"f2097c3b-1c0f-44c7-9c8e-855373845c06","x":0,"y":0,"width":1920,"height":1080,"type":"monitor","focus_index":0,"children":[{"tiling_direction":"horizontal","size_percentage":1,"name":"1","id":"15eae904-7c13-433c-9e5a-4a47de7bd80f","x":0,"y":0,"width":1920,"height":1050,"type":"workspace","focus_index":0,"children":[{"floating_placement":{"left":635,"top":-3,"right":1285,"bottom":1054,"x":635,"y":-3,"width":650,"height":1057},"border_delta":{"left":7,"top":0,"right":7,"bottom":7},"handle":723682,"size_percentage":0.3333333333333333,"id":"36000351-27d7-465e-9045-904c79b05606","x":0,"y":0,"width":636,"height":1050,"type":"window","focus_index":1,"children":[]},{"floating_placement":{"left":635,"top":-3,"right":1285,"bottom":1054,"x":635,"y":-3,"width":650,"height":1057},"border_delta":{"left":7,"top":0,"right":7,"bottom":7},"handle":461428,"size_percentage":0.33333333333333337,"id":"746bfea7-513b-4d67-a0fe-4711f6dc72e7","x":641,"y":0,"width":636,"height":1050,"type":"window","focus_index":2,"children":[]},{"floating_placement":{"left":642,"top":0,"right":1278,"bottom":1050,"x":642,"y":0,"width":636,"height":1050},"border_delta":{"left":0,"top":0,"right":0,"bottom":0},"handle":264700,"size_percentage":0.33333333333333337,"id":"8aa75e1c-4350-403b-92ac-c96c0ffaf163","x":1282,"y":0,"width":636,"height":1050,"type":"window","focus_index":0,"children":[]}]}]}]}

3/29/2024 6:14:43 PM
GlazeWM.Infrastructure.Exceptions.FatalUserException: Failed to parse user config. Invalid value at property: '$.keybindings[46].bindings'.
   at GlazeWM.Domain.UserConfigs.CommandHandlers.EvaluateUserConfigHandler.DeserializeUserConfig(String userConfigPath) in D:\a\glazewm\glazewm\GlazeWM.Domain\UserConfigs\CommandHandlers\EvaluateUserConfigHandler.cs:line 109
   at GlazeWM.Domain.UserConfigs.CommandHandlers.EvaluateUserConfigHandler.Handle(EvaluateUserConfigCommand command) in D:\a\glazewm\glazewm\GlazeWM.Domain\UserConfigs\CommandHandlers\EvaluateUserConfigHandler.cs:line 49
   at GlazeWM.Infrastructure.Bussing.Bus.Invoke[T](T command) in D:\a\glazewm\glazewm\GlazeWM.Infrastructure\Bussing\Bus.cs:line 48
   at GlazeWM.Domain.UserConfigs.CommandHandlers.ReloadUserConfigHandler.Handle(ReloadUserConfigCommand command) in D:\a\glazewm\glazewm\GlazeWM.Domain\UserConfigs\CommandHandlers\ReloadUserConfigHandler.cs:line 35
   at GlazeWM.Infrastructure.Bussing.Bus.Invoke[T](T command) in D:\a\glazewm\glazewm\GlazeWM.Infrastructure\Bussing\Bus.cs:line 48
   at CallSite.Target(Closure, CallSite, Bus, Object)
   at System.Dynamic.UpdateDelegates.UpdateAndExecuteVoid2[T0,T1](CallSite site, T0 arg0, T1 arg1)
   at GlazeWM.Domain.UserConfigs.CommandHandlers.RunWithSubjectContainerHandler.Handle(RunWithSubjectContainerCommand command) in D:\a\glazewm\glazewm\GlazeWM.Domain\UserConfigs\CommandHandlers\RunWithSubjectContainerHandler.cs:line 53
   at GlazeWM.Infrastructure.Bussing.Bus.Invoke[T](T command) in D:\a\glazewm\glazewm\GlazeWM.Infrastructure\Bussing\Bus.cs:line 48
   at GlazeWM.Domain.UserConfigs.CommandHandlers.RegisterKeybindingsHandler.<>c__DisplayClass4_0.<Handle>b__1() in D:\a\glazewm\glazewm\GlazeWM.Domain\UserConfigs\CommandHandlers\RegisterKeybindingsHandler.cs:line 55
Command history: HandleFatalExceptionCommand, EvaluateUserConfigCommand, ReloadUserConfigCommand, RunWithSubjectContainerCommand, SyncNativeFocusCommand, RedrawContainersCommand, DetachContainerCommand, IgnoreWindowCommand, RunWithSubjectContainerCommand, SetFocusedDescendantCommand, AttachContainerCommand, ManageWindowCommand, SyncNativeFocusCommand, RedrawContainersCommand, DetachContainerCommand 
State dump: {"id":"dbb66c83-51af-48ba-9c2e-0f9d21693aef","x":0,"y":0,"width":0,"height":0,"type":"root","focus_index":0,"children":[{"device_name":"\\\\.\\DISPLAY1","id":"0eaa8485-ec31-401a-ad25-36396a489a69","x":1920,"y":0,"width":1920,"height":1200,"type":"monitor","focus_index":1,"children":[{"tiling_direction":"horizontal","size_percentage":1,"name":"11","id":"2a0be62e-4598-4a5a-ac28-f4f76f3133d7","x":1920,"y":0,"width":1920,"height":1170,"type":"workspace","focus_index":0,"children":[{"floating_placement":{"left":2395,"top":-3,"right":3366,"bottom":1174,"x":2395,"y":-3,"width":971,"height":1177},"border_delta":{"left":7,"top":0,"right":7,"bottom":7},"handle":1772328,"size_percentage":0.5,"id":"cd181de3-76e2-427f-9c2c-45e85ac62e1b","x":1920,"y":0,"width":957,"height":1170,"type":"window","focus_index":0,"children":[]},{"floating_placement":{"left":2395,"top":-3,"right":3366,"bottom":1174,"x":2395,"y":-3,"width":971,"height":1177},"border_delta":{"left":7,"top":0,"right":7,"bottom":7},"handle":2624244,"size_percentage":0.5,"id":"2345e5c8-7673-4cd1-85f7-0d8332cfc40f","x":2882,"y":0,"width":957,"height":1170,"type":"window","focus_index":1,"children":[]}]}]},{"device_name":"\\\\.\\DISPLAY2","id":"d6cbbaf8-aad9-40de-bceb-679fc5f09366","x":0,"y":0,"width":1920,"height":1080,"type":"monitor","focus_index":0,"children":[{"tiling_direction":"horizontal","size_percentage":1,"name":"1","id":"ccdd73ff-1052-4376-ae96-6d59ab53a9a4","x":0,"y":0,"width":1920,"height":1050,"type":"workspace","focus_index":0,"children":[{"floating_placement":{"left":635,"top":-3,"right":1285,"bottom":1054,"x":635,"y":-3,"width":650,"height":1057},"border_delta":{"left":7,"top":0,"right":7,"bottom":7},"handle":461428,"size_percentage":0.3333333333333333,"id":"fda5b47a-10c1-4280-a97c-cbae4f98db72","x":0,"y":0,"width":636,"height":1050,"type":"window","focus_index":1,"children":[]},{"floating_placement":{"left":635,"top":-3,"right":1285,"bottom":1054,"x":635,"y":-3,"width":650,"height":1057},"border_delta":{"left":7,"top":0,"right":7,"bottom":7},"handle":723682,"size_percentage":0.33333333333333337,"id":"e7481366-bc9f-40ae-9c87-fc3dc1f30efe","x":641,"y":0,"width":636,"height":1050,"type":"window","focus_index":2,"children":[]},{"floating_placement":{"left":642,"top":0,"right":1278,"bottom":1050,"x":642,"y":0,"width":636,"height":1050},"border_delta":{"left":0,"top":0,"right":0,"bottom":0},"handle":264700,"size_percentage":0.33333333333333337,"id":"52baf6d7-c929-44e5-a47e-0761ae8bcff4","x":1282,"y":0,"width":636,"height":1050,"type":"window","focus_index":0,"children":[]}]}]}]}

3/29/2024 6:15:29 PM
GlazeWM.Infrastructure.Exceptions.FatalUserException: Failed to parse user config. Invalid value at property: '$.keybindings[38].commands'.
   at GlazeWM.Domain.UserConfigs.CommandHandlers.EvaluateUserConfigHandler.DeserializeUserConfig(String userConfigPath) in D:\a\glazewm\glazewm\GlazeWM.Domain\UserConfigs\CommandHandlers\EvaluateUserConfigHandler.cs:line 109
   at GlazeWM.Domain.UserConfigs.CommandHandlers.EvaluateUserConfigHandler.Handle(EvaluateUserConfigCommand command) in D:\a\glazewm\glazewm\GlazeWM.Domain\UserConfigs\CommandHandlers\EvaluateUserConfigHandler.cs:line 49
   at GlazeWM.Infrastructure.Bussing.Bus.Invoke[T](T command) in D:\a\glazewm\glazewm\GlazeWM.Infrastructure\Bussing\Bus.cs:line 48
   at GlazeWM.Domain.UserConfigs.CommandHandlers.ReloadUserConfigHandler.Handle(ReloadUserConfigCommand command) in D:\a\glazewm\glazewm\GlazeWM.Domain\UserConfigs\CommandHandlers\ReloadUserConfigHandler.cs:line 35
   at GlazeWM.Infrastructure.Bussing.Bus.Invoke[T](T command) in D:\a\glazewm\glazewm\GlazeWM.Infrastructure\Bussing\Bus.cs:line 48
   at CallSite.Target(Closure, CallSite, Bus, Object)
   at System.Dynamic.UpdateDelegates.UpdateAndExecuteVoid2[T0,T1](CallSite site, T0 arg0, T1 arg1)
   at GlazeWM.Domain.UserConfigs.CommandHandlers.RunWithSubjectContainerHandler.Handle(RunWithSubjectContainerCommand command) in D:\a\glazewm\glazewm\GlazeWM.Domain\UserConfigs\CommandHandlers\RunWithSubjectContainerHandler.cs:line 53
   at GlazeWM.Infrastructure.Bussing.Bus.Invoke[T](T command) in D:\a\glazewm\glazewm\GlazeWM.Infrastructure\Bussing\Bus.cs:line 48
   at GlazeWM.Domain.UserConfigs.CommandHandlers.RegisterKeybindingsHandler.<>c__DisplayClass4_0.<Handle>b__1() in D:\a\glazewm\glazewm\GlazeWM.Domain\UserConfigs\CommandHandlers\RegisterKeybindingsHandler.cs:line 55
Command history: HandleFatalExceptionCommand, EvaluateUserConfigCommand, ReloadUserConfigCommand, RunWithSubjectContainerCommand, SyncNativeFocusCommand, RedrawContainersCommand, MoveWindowCommand, RunWithSubjectContainerCommand, SetActiveWindowBorderCommand, SyncNativeFocusCommand, RedrawContainersCommand, SetFocusedDescendantCommand, FocusInDirectionCommand, RunWithSubjectContainerCommand, SetActiveWindowBorderCommand 
State dump: {"id":"f3cc0ac1-55c3-4a52-9d75-e7a64216a30d","x":0,"y":0,"width":0,"height":0,"type":"root","focus_index":0,"children":[{"device_name":"\\\\.\\DISPLAY1","id":"ffadf9c6-596c-4dc2-8f3c-c25e19fd9018","x":1920,"y":0,"width":1920,"height":1200,"type":"monitor","focus_index":1,"children":[{"tiling_direction":"horizontal","size_percentage":1,"name":"11","id":"27f1fea6-a33a-49c7-beb2-a6f392c8646a","x":1920,"y":0,"width":1920,"height":1170,"type":"workspace","focus_index":0,"children":[{"floating_placement":{"left":2395,"top":-3,"right":3366,"bottom":1174,"x":2395,"y":-3,"width":971,"height":1177},"border_delta":{"left":7,"top":0,"right":7,"bottom":7},"handle":2624244,"size_percentage":0.5,"id":"64e0e823-49b6-4663-824d-18660b883c76","x":1920,"y":0,"width":957,"height":1170,"type":"window","focus_index":0,"children":[]},{"floating_placement":{"left":2395,"top":-3,"right":3366,"bottom":1174,"x":2395,"y":-3,"width":971,"height":1177},"border_delta":{"left":7,"top":0,"right":7,"bottom":7},"handle":1772328,"size_percentage":0.5,"id":"35369a24-45f9-4f74-aac7-d7e7e80ad3a7","x":2882,"y":0,"width":957,"height":1170,"type":"window","focus_index":1,"children":[]}]}]},{"device_name":"\\\\.\\DISPLAY2","id":"88221144-7dff-4299-b13e-0903e1c22cdf","x":0,"y":0,"width":1920,"height":1080,"type":"monitor","focus_index":0,"children":[{"tiling_direction":"horizontal","size_percentage":1,"name":"1","id":"4a94df79-d8cb-4436-883f-d52d2cbdd57d","x":0,"y":0,"width":1920,"height":1050,"type":"workspace","focus_index":0,"children":[{"floating_placement":{"left":635,"top":-3,"right":1285,"bottom":1054,"x":635,"y":-3,"width":650,"height":1057},"border_delta":{"left":7,"top":0,"right":7,"bottom":7},"handle":461428,"size_percentage":0.5,"id":"d709ce63-ef4f-49c6-8ffe-73d77bfb118d","x":0,"y":0,"width":957,"height":1050,"type":"window","focus_index":1,"children":[]},{"floating_placement":{"left":642,"top":0,"right":1278,"bottom":1050,"x":642,"y":0,"width":636,"height":1050},"border_delta":{"left":0,"top":0,"right":0,"bottom":0},"handle":264700,"size_percentage":0.5,"id":"7315f7fb-907a-4c64-9c39-44b7a9b7b9c5","x":962,"y":0,"width":957,"height":1050,"type":"window","focus_index":0,"children":[]}]},{"tiling_direction":"horizontal","size_percentage":0,"name":"2","id":"b260613f-ef83-4720-bf30-b4e547e8a495","x":0,"y":0,"width":1920,"height":1050,"type":"workspace","focus_index":1,"children":[{"floating_placement":{"left":635,"top":-3,"right":1285,"bottom":1054,"x":635,"y":-3,"width":650,"height":1057},"border_delta":{"left":7,"top":0,"right":7,"bottom":7},"handle":723682,"size_percentage":1,"id":"6c7df379-6ff8-46c6-838c-19b16d73870d","x":0,"y":0,"width":1920,"height":1050,"type":"window","focus_index":0,"children":[]}]}]}]}

3/29/2024 6:16:02 PM
GlazeWM.Infrastructure.Exceptions.FatalUserException: Failed to parse user config. Invalid value at property: '$.keybindings[38].binding'.
   at GlazeWM.Domain.UserConfigs.CommandHandlers.EvaluateUserConfigHandler.DeserializeUserConfig(String userConfigPath) in D:\a\glazewm\glazewm\GlazeWM.Domain\UserConfigs\CommandHandlers\EvaluateUserConfigHandler.cs:line 109
   at GlazeWM.Domain.UserConfigs.CommandHandlers.EvaluateUserConfigHandler.Handle(EvaluateUserConfigCommand command) in D:\a\glazewm\glazewm\GlazeWM.Domain\UserConfigs\CommandHandlers\EvaluateUserConfigHandler.cs:line 49
   at GlazeWM.Infrastructure.Bussing.Bus.Invoke[T](T command) in D:\a\glazewm\glazewm\GlazeWM.Infrastructure\Bussing\Bus.cs:line 41
   at GlazeWM.Domain.Common.CommandHandlers.PopulateInitialStateHandler.Handle(PopulateInitialStateCommand command) in D:\a\glazewm\glazewm\GlazeWM.Domain\Common\CommandHandlers\PopulateInitialStateHandler.cs:line 41
   at GlazeWM.Infrastructure.Bussing.Bus.Invoke[T](T command) in D:\a\glazewm\glazewm\GlazeWM.Infrastructure\Bussing\Bus.cs:line 41
   at GlazeWM.App.WindowManager.WmStartup.Run()
Command history: HandleFatalExceptionCommand, EvaluateUserConfigCommand, PopulateInitialStateCommand 
State dump: {"id":"214a98c5-b8fe-4dec-b913-d4604e5de3ca","x":0,"y":0,"width":0,"height":0,"type":"root","focus_index":0,"children":[]}

3/29/2024 6:18:11 PM
GlazeWM.Infrastructure.Exceptions.FatalUserException: Failed to parse user config. Invalid command 'focus workspace left'.
   at GlazeWM.Domain.UserConfigs.CommandHandlers.EvaluateUserConfigHandler.ValidateDeserializedConfig(UserConfig deserializedConfig) in D:\a\glazewm\glazewm\GlazeWM.Domain\UserConfigs\CommandHandlers\EvaluateUserConfigHandler.cs:line 209
   at GlazeWM.Domain.UserConfigs.CommandHandlers.EvaluateUserConfigHandler.Handle(EvaluateUserConfigCommand command) in D:\a\glazewm\glazewm\GlazeWM.Domain\UserConfigs\CommandHandlers\EvaluateUserConfigHandler.cs:line 58
   at GlazeWM.Infrastructure.Bussing.Bus.Invoke[T](T command) in D:\a\glazewm\glazewm\GlazeWM.Infrastructure\Bussing\Bus.cs:line 48
   at GlazeWM.Domain.UserConfigs.CommandHandlers.ReloadUserConfigHandler.Handle(ReloadUserConfigCommand command) in D:\a\glazewm\glazewm\GlazeWM.Domain\UserConfigs\CommandHandlers\ReloadUserConfigHandler.cs:line 35
   at GlazeWM.Infrastructure.Bussing.Bus.Invoke[T](T command) in D:\a\glazewm\glazewm\GlazeWM.Infrastructure\Bussing\Bus.cs:line 48
   at CallSite.Target(Closure, CallSite, Bus, Object)
   at System.Dynamic.UpdateDelegates.UpdateAndExecuteVoid2[T0,T1](CallSite site, T0 arg0, T1 arg1)
   at GlazeWM.Domain.UserConfigs.CommandHandlers.RunWithSubjectContainerHandler.Handle(RunWithSubjectContainerCommand command) in D:\a\glazewm\glazewm\GlazeWM.Domain\UserConfigs\CommandHandlers\RunWithSubjectContainerHandler.cs:line 28
   at GlazeWM.Infrastructure.Bussing.Bus.Invoke[T](T command) in D:\a\glazewm\glazewm\GlazeWM.Infrastructure\Bussing\Bus.cs:line 48
   at GlazeWM.Domain.UserConfigs.CommandHandlers.RegisterKeybindingsHandler.<>c__DisplayClass4_0.<Handle>b__1() in D:\a\glazewm\glazewm\GlazeWM.Domain\UserConfigs\CommandHandlers\RegisterKeybindingsHandler.cs:line 63
Command history: HandleFatalExceptionCommand, EvaluateUserConfigCommand, ReloadUserConfigCommand, RunWithSubjectContainerCommand, SetActiveWindowBorderCommand, SyncNativeFocusCommand, RedrawContainersCommand, SetFocusedDescendantCommand, FocusWorkspaceCommand, RunWithSubjectContainerCommand, SetActiveWindowBorderCommand, SyncNativeFocusCommand, RedrawContainersCommand, SetFocusedDescendantCommand, FocusWorkspaceCommand 
State dump: {"id":"d2f94713-ee67-4d4e-a353-22e4ea04d70e","x":0,"y":0,"width":0,"height":0,"type":"root","focus_index":0,"children":[{"device_name":"\\\\.\\DISPLAY1","id":"76f63638-d826-46a0-a35e-05cfdb574043","x":1920,"y":0,"width":1920,"height":1200,"type":"monitor","focus_index":1,"children":[{"tiling_direction":"horizontal","size_percentage":1,"name":"11","id":"7f915332-dbfb-43f1-834f-a820be135923","x":1920,"y":0,"width":1920,"height":1170,"type":"workspace","focus_index":0,"children":[{"floating_placement":{"left":2395,"top":-3,"right":3366,"bottom":1174,"x":2395,"y":-3,"width":971,"height":1177},"border_delta":{"left":7,"top":0,"right":7,"bottom":7},"handle":1772328,"size_percentage":0.5,"id":"80025e1f-5379-408f-869b-28a0010effd5","x":1920,"y":0,"width":957,"height":1170,"type":"window","focus_index":0,"children":[]},{"floating_placement":{"left":2395,"top":-3,"right":3366,"bottom":1174,"x":2395,"y":-3,"width":971,"height":1177},"border_delta":{"left":7,"top":0,"right":7,"bottom":7},"handle":2624244,"size_percentage":0.5,"id":"9aa57174-cc5e-418d-a130-d4e9aba8cf1a","x":2882,"y":0,"width":957,"height":1170,"type":"window","focus_index":1,"children":[]}]}]},{"device_name":"\\\\.\\DISPLAY2","id":"7a693fe9-1a4f-4919-af5a-12e66ea39580","x":0,"y":0,"width":1920,"height":1080,"type":"monitor","focus_index":0,"children":[{"tiling_direction":"horizontal","size_percentage":1,"name":"1","id":"d6de89fa-6e8c-40cf-bbc1-cdff05631596","x":0,"y":0,"width":1920,"height":1050,"type":"workspace","focus_index":0,"children":[{"floating_placement":{"left":475,"top":-3,"right":1446,"bottom":1054,"x":475,"y":-3,"width":971,"height":1057},"border_delta":{"left":7,"top":0,"right":7,"bottom":7},"handle":461428,"size_percentage":0.5,"id":"be5c5e99-a1ea-4e39-898b-862f6f0d75f5","x":0,"y":0,"width":957,"height":1050,"type":"window","focus_index":1,"children":[]},{"floating_placement":{"left":482,"top":0,"right":1439,"bottom":1050,"x":482,"y":0,"width":957,"height":1050},"border_delta":{"left":0,"top":0,"right":0,"bottom":0},"handle":264700,"size_percentage":0.5,"id":"838305fa-8100-467e-b600-c4c7203dd351","x":962,"y":0,"width":957,"height":1050,"type":"window","focus_index":0,"children":[]}]},{"tiling_direction":"horizontal","size_percentage":0,"name":"2","id":"dd7370ab-8208-4f7b-9344-de50e9766d69","x":0,"y":0,"width":1920,"height":1050,"type":"workspace","focus_index":1,"children":[{"floating_placement":{"left":-7,"top":-3,"right":1927,"bottom":1054,"x":-7,"y":-3,"width":1934,"height":1057},"border_delta":{"left":7,"top":0,"right":7,"bottom":7},"handle":723682,"size_percentage":1,"id":"0976557e-7142-4c54-93f3-2757035f8366","x":0,"y":0,"width":1920,"height":1050,"type":"window","focus_index":0,"children":[]}]}]}]}

3/29/2024 6:18:36 PM
GlazeWM.Infrastructure.Exceptions.FatalUserException: Failed to parse user config. Invalid command 'focus workspace left'.
   at GlazeWM.Domain.UserConfigs.CommandHandlers.EvaluateUserConfigHandler.ValidateDeserializedConfig(UserConfig deserializedConfig) in D:\a\glazewm\glazewm\GlazeWM.Domain\UserConfigs\CommandHandlers\EvaluateUserConfigHandler.cs:line 209
   at GlazeWM.Domain.UserConfigs.CommandHandlers.EvaluateUserConfigHandler.Handle(EvaluateUserConfigCommand command) in D:\a\glazewm\glazewm\GlazeWM.Domain\UserConfigs\CommandHandlers\EvaluateUserConfigHandler.cs:line 58
   at GlazeWM.Infrastructure.Bussing.Bus.Invoke[T](T command) in D:\a\glazewm\glazewm\GlazeWM.Infrastructure\Bussing\Bus.cs:line 41
   at GlazeWM.Domain.Common.CommandHandlers.PopulateInitialStateHandler.Handle(PopulateInitialStateCommand command) in D:\a\glazewm\glazewm\GlazeWM.Domain\Common\CommandHandlers\PopulateInitialStateHandler.cs:line 41
   at GlazeWM.Infrastructure.Bussing.Bus.Invoke[T](T command) in D:\a\glazewm\glazewm\GlazeWM.Infrastructure\Bussing\Bus.cs:line 41
   at GlazeWM.App.WindowManager.WmStartup.Run()
Command history: HandleFatalExceptionCommand, EvaluateUserConfigCommand, PopulateInitialStateCommand 
State dump: {"id":"1af9dee6-cd53-49d1-93cf-a39246a2748e","x":0,"y":0,"width":0,"height":0,"type":"root","focus_index":0,"children":[]}

3/29/2024 6:18:54 PM
GlazeWM.Infrastructure.Exceptions.FatalUserException: Failed to parse user config. Invalid command 'focus workspace left'.
   at GlazeWM.Domain.UserConfigs.CommandHandlers.EvaluateUserConfigHandler.ValidateDeserializedConfig(UserConfig deserializedConfig) in D:\a\glazewm\glazewm\GlazeWM.Domain\UserConfigs\CommandHandlers\EvaluateUserConfigHandler.cs:line 209
   at GlazeWM.Domain.UserConfigs.CommandHandlers.EvaluateUserConfigHandler.Handle(EvaluateUserConfigCommand command) in D:\a\glazewm\glazewm\GlazeWM.Domain\UserConfigs\CommandHandlers\EvaluateUserConfigHandler.cs:line 58
   at GlazeWM.Infrastructure.Bussing.Bus.Invoke[T](T command) in D:\a\glazewm\glazewm\GlazeWM.Infrastructure\Bussing\Bus.cs:line 41
   at GlazeWM.Domain.Common.CommandHandlers.PopulateInitialStateHandler.Handle(PopulateInitialStateCommand command) in D:\a\glazewm\glazewm\GlazeWM.Domain\Common\CommandHandlers\PopulateInitialStateHandler.cs:line 41
   at GlazeWM.Infrastructure.Bussing.Bus.Invoke[T](T command) in D:\a\glazewm\glazewm\GlazeWM.Infrastructure\Bussing\Bus.cs:line 41
   at GlazeWM.App.WindowManager.WmStartup.Run()
Command history: HandleFatalExceptionCommand, EvaluateUserConfigCommand, PopulateInitialStateCommand 
State dump: {"id":"f579283a-f79a-47e0-a196-e4f07a08b2b5","x":0,"y":0,"width":0,"height":0,"type":"root","focus_index":0,"children":[]}

3/29/2024 6:19:33 PM
GlazeWM.Infrastructure.Exceptions.FatalUserException: Failed to parse user config. Invalid command 'focus monitor 1'.
   at GlazeWM.Domain.UserConfigs.CommandHandlers.EvaluateUserConfigHandler.ValidateDeserializedConfig(UserConfig deserializedConfig) in D:\a\glazewm\glazewm\GlazeWM.Domain\UserConfigs\CommandHandlers\EvaluateUserConfigHandler.cs:line 209
   at GlazeWM.Domain.UserConfigs.CommandHandlers.EvaluateUserConfigHandler.Handle(EvaluateUserConfigCommand command) in D:\a\glazewm\glazewm\GlazeWM.Domain\UserConfigs\CommandHandlers\EvaluateUserConfigHandler.cs:line 58
   at GlazeWM.Infrastructure.Bussing.Bus.Invoke[T](T command) in D:\a\glazewm\glazewm\GlazeWM.Infrastructure\Bussing\Bus.cs:line 41
   at GlazeWM.Domain.Common.CommandHandlers.PopulateInitialStateHandler.Handle(PopulateInitialStateCommand command) in D:\a\glazewm\glazewm\GlazeWM.Domain\Common\CommandHandlers\PopulateInitialStateHandler.cs:line 41
   at GlazeWM.Infrastructure.Bussing.Bus.Invoke[T](T command) in D:\a\glazewm\glazewm\GlazeWM.Infrastructure\Bussing\Bus.cs:line 41
   at GlazeWM.App.WindowManager.WmStartup.Run()
Command history: HandleFatalExceptionCommand, EvaluateUserConfigCommand, PopulateInitialStateCommand 
State dump: {"id":"09c5a264-b720-45f3-9ac3-79daa7bc6bf5","x":0,"y":0,"width":0,"height":0,"type":"root","focus_index":0,"children":[]}

3/29/2024 6:32:20 PM
GlazeWM.Infrastructure.Exceptions.FatalUserException: Failed to parse user config. Invalid command 'focus workspace left'.
   at GlazeWM.Domain.UserConfigs.CommandHandlers.EvaluateUserConfigHandler.ValidateDeserializedConfig(UserConfig deserializedConfig) in D:\a\glazewm\glazewm\GlazeWM.Domain\UserConfigs\CommandHandlers\EvaluateUserConfigHandler.cs:line 209
   at GlazeWM.Domain.UserConfigs.CommandHandlers.EvaluateUserConfigHandler.Handle(EvaluateUserConfigCommand command) in D:\a\glazewm\glazewm\GlazeWM.Domain\UserConfigs\CommandHandlers\EvaluateUserConfigHandler.cs:line 58
   at GlazeWM.Infrastructure.Bussing.Bus.Invoke[T](T command) in D:\a\glazewm\glazewm\GlazeWM.Infrastructure\Bussing\Bus.cs:line 48
   at GlazeWM.Domain.UserConfigs.CommandHandlers.ReloadUserConfigHandler.Handle(ReloadUserConfigCommand command) in D:\a\glazewm\glazewm\GlazeWM.Domain\UserConfigs\CommandHandlers\ReloadUserConfigHandler.cs:line 35
   at GlazeWM.Infrastructure.Bussing.Bus.Invoke[T](T command) in D:\a\glazewm\glazewm\GlazeWM.Infrastructure\Bussing\Bus.cs:line 48
   at CallSite.Target(Closure, CallSite, Bus, Object)
   at System.Dynamic.UpdateDelegates.UpdateAndExecuteVoid2[T0,T1](CallSite site, T0 arg0, T1 arg1)
   at GlazeWM.Domain.UserConfigs.CommandHandlers.RunWithSubjectContainerHandler.Handle(RunWithSubjectContainerCommand command) in D:\a\glazewm\glazewm\GlazeWM.Domain\UserConfigs\CommandHandlers\RunWithSubjectContainerHandler.cs:line 28
   at GlazeWM.Infrastructure.Bussing.Bus.Invoke[T](T command) in D:\a\glazewm\glazewm\GlazeWM.Infrastructure\Bussing\Bus.cs:line 48
   at GlazeWM.Domain.UserConfigs.CommandHandlers.RegisterKeybindingsHandler.<>c__DisplayClass4_0.<Handle>b__1() in D:\a\glazewm\glazewm\GlazeWM.Domain\UserConfigs\CommandHandlers\RegisterKeybindingsHandler.cs:line 63
Command history: HandleFatalExceptionCommand, EvaluateUserConfigCommand, ReloadUserConfigCommand, RunWithSubjectContainerCommand, SetActiveWindowBorderCommand, SyncNativeFocusCommand, RedrawContainersCommand, SetFocusedDescendantCommand, FocusWorkspaceCommand, FocusWorkspaceRecentCommand, RunWithSubjectContainerCommand, SetActiveWindowBorderCommand, SyncNativeFocusCommand, RedrawContainersCommand, SetFocusedDescendantCommand 
State dump: {"id":"a7596d21-42ec-44f4-8819-c403982e60d7","x":0,"y":0,"width":0,"height":0,"type":"root","focus_index":0,"children":[{"device_name":"\\\\.\\DISPLAY1","id":"d46aad99-e1a3-4195-9496-bd19b560896b","x":1920,"y":0,"width":1920,"height":1200,"type":"monitor","focus_index":1,"children":[{"tiling_direction":"horizontal","size_percentage":1,"name":"11","id":"b45ff815-107b-46f5-a2bb-f29d538473b3","x":1920,"y":0,"width":1920,"height":1170,"type":"workspace","focus_index":0,"children":[{"floating_placement":{"left":2395,"top":-3,"right":3366,"bottom":1174,"x":2395,"y":-3,"width":971,"height":1177},"border_delta":{"left":7,"top":0,"right":7,"bottom":7},"handle":2624244,"size_percentage":1,"id":"a937dfd2-5850-4657-90c5-fed32974d877","x":1920,"y":0,"width":1920,"height":1170,"type":"window","focus_index":0,"children":[]}]}]},{"device_name":"\\\\.\\DISPLAY2","id":"3316e311-5440-4e0d-a7e8-2d807884f0fe","x":0,"y":0,"width":1920,"height":1080,"type":"monitor","focus_index":0,"children":[{"tiling_direction":"horizontal","size_percentage":1,"name":"1","id":"f93205e5-b215-42b9-9c20-b2a9c3e7e5fc","x":0,"y":0,"width":1920,"height":1050,"type":"workspace","focus_index":0,"children":[{"floating_placement":{"left":482,"top":0,"right":1439,"bottom":1050,"x":482,"y":0,"width":957,"height":1050},"border_delta":{"left":0,"top":0,"right":0,"bottom":0},"handle":264700,"size_percentage":1,"id":"1a2e26e0-e11d-45dd-a952-83fdf7710720","x":0,"y":0,"width":1920,"height":1050,"type":"window","focus_index":0,"children":[]}]},{"tiling_direction":"horizontal","size_percentage":0,"name":"2","id":"f4762638-3f19-4594-b0db-dc5978f0fcc4","x":0,"y":0,"width":1920,"height":1050,"type":"workspace","focus_index":1,"children":[{"floating_placement":{"left":475,"top":-3,"right":1446,"bottom":1054,"x":475,"y":-3,"width":971,"height":1057},"border_delta":{"left":7,"top":0,"right":7,"bottom":7},"handle":461428,"size_percentage":1,"id":"08eed833-953c-4c91-8152-7e6fd4838369","x":0,"y":0,"width":1920,"height":1050,"type":"window","focus_index":0,"children":[]}]}]}]}

